2019-03-14 16:00:51,906 - IIot platform - INFO - Start back-end server
2019-03-14 16:00:51,907 - IIot platform - INFO - Incoming message <======{"cmd":"get_devices"}
2019-03-14 16:00:51,930 - IIot platform - ERROR - Object of type bytes is not JSON serializable
2019-03-14 16:00:51,932 - IIot platform - INFO - Outgoing message =======>Bad message format
2019-03-14 16:02:04,801 - IIot platform - INFO - Start back-end server
2019-03-14 16:02:04,802 - IIot platform - INFO - Incoming message <======{"cmd":"get_devices"}
2019-03-14 16:02:56,804 - IIot platform - INFO - Start back-end server
2019-03-14 16:02:56,806 - IIot platform - INFO - Incoming message <======{"cmd":"get_devices"}
2019-03-14 16:02:56,834 - IIot platform - INFO - Outgoing message =======>{'cmd': 'get_devices', 'data': b'\n\x1a\n\x10343438356F37750C\x12\x06Term#1\n\x1a\n\x10343438356B37620E\x12\x06Term#2\n\x1a\n\x10343438355A37690E\x12\x06Term#3\n\x1a\n\x10343438356937600E\x12\x06Term#4\n\x1a\n\x10343438356B377B0E\x12\x06Term#5\n\x1a\n\x10343438357137550E\x12\x06Term#6'}
2019-03-14 16:04:14,321 - IIot platform - INFO - Start back-end server
2019-03-14 16:04:14,322 - IIot platform - INFO - Incoming message <======{"cmd":"get_devices"}
2019-03-14 16:04:14,327 - IIot platform - INFO - Outgoing message =======>{'cmd': 'get_devices', 'data': b'\n\x1a\n\x10343438356F37750C\x12\x06Term#1\n\x1a\n\x10343438356B37620E\x12\x06Term#2\n\x1a\n\x10343438355A37690E\x12\x06Term#3\n\x1a\n\x10343438356937600E\x12\x06Term#4\n\x1a\n\x10343438356B377B0E\x12\x06Term#5\n\x1a\n\x10343438357137550E\x12\x06Term#6'}
2019-03-14 16:06:04,399 - IIot platform - INFO - Start back-end server
2019-03-14 16:06:04,400 - IIot platform - INFO - Incoming message <======{"cmd":"get_devices"}
2019-03-14 16:06:04,425 - IIot platform - INFO - Outgoing message =======>b'\n\x1a\n\x10343438356F37750C\x12\x06Term#1\n\x1a\n\x10343438356B37620E\x12\x06Term#2\n\x1a\n\x10343438355A37690E\x12\x06Term#3\n\x1a\n\x10343438356937600E\x12\x06Term#4\n\x1a\n\x10343438356B377B0E\x12\x06Term#5\n\x1a\n\x10343438357137550E\x12\x06Term#6'
2019-03-14 16:49:58,255 - IIot platform - INFO - Start back-end server
2019-03-14 16:49:58,255 - IIot platform - INFO - Incoming message <======{"cmd":"get_devices"}
2019-03-14 16:49:58,283 - IIot platform - INFO - Outgoing message =======>{'cmd': 'get_devices', 'data': b'\n\x1a\n\x10343438356F37750C\x12\x06Term#1\n\x1a\n\x10343438356B37620E\x12\x06Term#2\n\x1a\n\x10343438355A37690E\x12\x06Term#3\n\x1a\n\x10343438356937600E\x12\x06Term#4\n\x1a\n\x10343438356B377B0E\x12\x06Term#5\n\x1a\n\x10343438357137550E\x12\x06Term#6'}
2019-03-14 16:51:32,748 - IIot platform - INFO - Start back-end server
2019-03-14 16:51:32,749 - IIot platform - INFO - Incoming message <======{"cmd":"get_devices"}
2019-03-14 16:51:32,776 - IIot platform - INFO - Outgoing message =======>b'\n\x1a\n\x10343438356F37750C\x12\x06Term#1\n\x1a\n\x10343438356B37620E\x12\x06Term#2\n\x1a\n\x10343438355A37690E\x12\x06Term#3\n\x1a\n\x10343438356937600E\x12\x06Term#4\n\x1a\n\x10343438356B377B0E\x12\x06Term#5\n\x1a\n\x10343438357137550E\x12\x06Term#6'
2019-03-14 16:54:50,534 - IIot platform - INFO - Start back-end server
2019-03-14 16:54:50,534 - IIot platform - INFO - Incoming message <======{"cmd":"get_devices"}
2019-03-14 16:54:50,544 - IIot platform - INFO - Outgoing message =======>b'\n\x1a\n\x10343438356F37750C\x12\x06Term#1\n\x1a\n\x10343438356B37620E\x12\x06Term#2\n\x1a\n\x10343438355A37690E\x12\x06Term#3\n\x1a\n\x10343438356937600E\x12\x06Term#4\n\x1a\n\x10343438356B377B0E\x12\x06Term#5\n\x1a\n\x10343438357137550E\x12\x06Term#6'
2019-03-14 17:08:57,827 - IIot platform - INFO - Start back-end server
2019-03-14 17:08:57,829 - IIot platform - INFO - Incoming message <======{"cmd":"get_devices"}
2019-03-14 17:08:57,859 - IIot platform - ERROR - 'ClientDevicesResponse' object has no attribute 'MessageToJson'
2019-03-14 17:08:57,861 - IIot platform - INFO - Outgoing message =======>Bad message format
2019-03-14 17:09:50,060 - IIot platform - INFO - Start back-end server
2019-03-14 17:09:50,061 - IIot platform - INFO - Incoming message <======{"cmd":"get_devices"}
2019-03-14 17:09:50,072 - IIot platform - ERROR - 'ClientDevicesResponse' object has no attribute 'MessageToJson'
2019-03-14 17:09:50,072 - IIot platform - INFO - Outgoing message =======>Bad message format
2019-03-14 17:12:26,487 - IIot platform - INFO - Start back-end server
2019-03-14 17:12:26,488 - IIot platform - INFO - Incoming message <======{"cmd":"get_devices"}
2019-03-14 17:12:26,523 - IIot platform - INFO - Outgoing message =======>{
  "sensors": [
    {
      "devEui": "343438356F37750C",
      "description": "Term#1"
    },
    {
      "devEui": "343438356B37620E",
      "description": "Term#2"
    },
    {
      "devEui": "343438355A37690E",
      "description": "Term#3"
    },
    {
      "devEui": "343438356937600E",
      "description": "Term#4"
    },
    {
      "devEui": "343438356B377B0E",
      "description": "Term#5"
    },
    {
      "devEui": "343438357137550E",
      "description": "Term#6"
    }
  ]
}
2019-03-15 10:31:54,354 - IIot platform - INFO - Start back-end server
2019-03-15 10:31:54,355 - IIot platform - INFO - Incoming message <======{"cmd":"get_devices"}
2019-03-15 10:31:54,390 - IIot platform - ERROR - Assignment not allowed to field "devicelist" in protocol message object.
2019-03-15 10:31:54,392 - IIot platform - INFO - Outgoing message =======>Bad message format
2019-03-15 10:38:04,827 - IIot platform - INFO - Start back-end server
2019-03-15 10:38:04,827 - IIot platform - INFO - Incoming message <======{"cmd":"get_devices"}
2019-03-15 10:38:04,858 - IIot platform - ERROR - 'ClientDevicesResponse' object has no attribute 'add'
2019-03-15 10:38:04,859 - IIot platform - INFO - Outgoing message =======>Bad message format
2019-03-15 10:46:53,070 - IIot platform - INFO - Start back-end server
2019-03-15 10:46:53,071 - IIot platform - INFO - Incoming message <======{"cmd":"get_devices"}
2019-03-15 10:46:53,107 - IIot platform - INFO - Outgoing message =======>b'\n\x0bget_devices\x12\xa8\x01\n\x1a\n\x10343438356F37750C\x12\x06Term#1\n\x1a\n\x10343438356B37620E\x12\x06Term#2\n\x1a\n\x10343438355A37690E\x12\x06Term#3\n\x1a\n\x10343438356937600E\x12\x06Term#4\n\x1a\n\x10343438356B377B0E\x12\x06Term#5\n\x1a\n\x10343438357137550E\x12\x06Term#6'
2019-03-15 10:48:45,834 - IIot platform - INFO - Start back-end server
2019-03-15 10:48:45,835 - IIot platform - INFO - Incoming message <======{"cmd":"get_devices"}
2019-03-15 10:48:45,845 - IIot platform - INFO - Outgoing message =======>b'\n\x0bget_devices\x12\xa8\x01\n\x1a\n\x10343438356F37750C\x12\x06Term#1\n\x1a\n\x10343438356B37620E\x12\x06Term#2\n\x1a\n\x10343438355A37690E\x12\x06Term#3\n\x1a\n\x10343438356937600E\x12\x06Term#4\n\x1a\n\x10343438356B377B0E\x12\x06Term#5\n\x1a\n\x10343438357137550E\x12\x06Term#6'
2019-03-15 10:49:39,077 - IIot platform - INFO - Start back-end server
2019-03-15 10:49:39,078 - IIot platform - INFO - Incoming message <======{"cmd":"get_devices"}
2019-03-15 10:49:39,087 - IIot platform - INFO - Outgoing message =======>b'\n\x0bget_devices\x12\xa8\x01\n\x1a\n\x10343438356F37750C\x12\x06Term#1\n\x1a\n\x10343438356B37620E\x12\x06Term#2\n\x1a\n\x10343438355A37690E\x12\x06Term#3\n\x1a\n\x10343438356937600E\x12\x06Term#4\n\x1a\n\x10343438356B377B0E\x12\x06Term#5\n\x1a\n\x10343438357137550E\x12\x06Term#6'
2019-03-15 11:12:32,050 - IIot platform - INFO - Start back-end server
2019-03-15 11:12:32,050 - IIot platform - INFO - Incoming message <======{"cmd":"get_devices"}
2019-03-15 11:12:32,059 - IIot platform - INFO - Outgoing message =======>b'\n\x0bget_devices\x12\xa8\x01\n\x1a\n\x10343438356F37750C\x12\x06Term#1\n\x1a\n\x10343438356B37620E\x12\x06Term#2\n\x1a\n\x10343438355A37690E\x12\x06Term#3\n\x1a\n\x10343438356937600E\x12\x06Term#4\n\x1a\n\x10343438356B377B0E\x12\x06Term#5\n\x1a\n\x10343438357137550E\x12\x06Term#6'
2019-03-15 12:36:19,891 - IIot platform - INFO - Start back-end server
2019-03-15 12:37:01,561 - IIot platform - INFO - Start back-end server
2019-03-15 12:37:23,490 - IIot platform - INFO - Start back-end server
2019-03-15 12:37:23,490 - IIot platform - INFO - Incoming message <======b'\n\x0bget_devices'
2019-03-15 12:37:23,517 - IIot platform - INFO - Outgoing message =======>b'\n\x0bget_devices\x12\xa8\x01\n\x1a\n\x10343438356F37750C\x12\x06Term#1\n\x1a\n\x10343438356B37620E\x12\x06Term#2\n\x1a\n\x10343438355A37690E\x12\x06Term#3\n\x1a\n\x10343438356937600E\x12\x06Term#4\n\x1a\n\x10343438356B377B0E\x12\x06Term#5\n\x1a\n\x10343438357137550E\x12\x06Term#6'
2019-03-15 12:39:09,506 - IIot platform - INFO - Start back-end server
2019-03-15 12:39:09,507 - IIot platform - INFO - Incoming message <======b'\n\x0bget_devices'
2019-03-15 12:39:09,531 - IIot platform - INFO - Outgoing message =======>b'\n\x0bget_devices\x12\xa8\x01\n\x1a\n\x10343438356F37750C\x12\x06Term#1\n\x1a\n\x10343438356B37620E\x12\x06Term#2\n\x1a\n\x10343438355A37690E\x12\x06Term#3\n\x1a\n\x10343438356937600E\x12\x06Term#4\n\x1a\n\x10343438356B377B0E\x12\x06Term#5\n\x1a\n\x10343438357137550E\x12\x06Term#6'
2019-03-15 15:49:23,263 - IIot platform - INFO - Start back-end server
2019-03-15 16:05:21,582 - IIot platform - INFO - Start back-end server
2019-03-15 16:15:36,896 - IIot platform - INFO - Start back-end server
2019-03-15 16:16:59,923 - IIot platform - INFO - Start back-end server
2019-03-15 16:18:07,891 - IIot platform - INFO - Start back-end server
2019-03-15 16:18:07,892 - IIot platform - INFO - Incoming message <======b'\n\x0fget_device_data\x12$\n\x10343438356F37750C\n\x10343438356B37620E'
2019-03-15 16:18:07,893 - IIot platform - INFO - Outgoing message =======>['343438356F37750C', '343438356B37620E']
2019-03-15 16:19:14,719 - IIot platform - INFO - Start back-end server
2019-03-15 16:19:14,719 - IIot platform - INFO - Incoming message <======b'\n\x0fget_device_data\x12$\n\x10343438356F37750C\n\x10343438356B37620E'
2019-03-15 16:19:14,720 - IIot platform - INFO - Outgoing message =======>['343438356F37750C', '343438356B37620E']
2019-03-15 16:20:31,503 - IIot platform - INFO - Start back-end server
2019-03-15 16:20:31,504 - IIot platform - INFO - Incoming message <======b'\n\x0fget_device_data\x12$\n\x10343438356F37750C\n\x10343438356B37620E'
2019-03-15 16:20:31,504 - IIot platform - INFO - Outgoing message =======>['343438356F37750C', '343438356B37620E']
2019-03-15 16:28:46,575 - IIot platform - INFO - Start back-end server
2019-03-15 16:28:46,575 - IIot platform - INFO - Incoming message <======b'\n\x0fget_device_data\x12$\n\x10343438356F37750C\n\x10343438356B37620E'
2019-03-15 16:28:46,575 - IIot platform - ERROR - 'DeviceDataRequest' object has no attribute 'getDevEuiList'
2019-03-15 16:28:46,576 - IIot platform - INFO - Outgoing message =======>Bad message format
2019-03-15 16:30:50,768 - IIot platform - INFO - Start back-end server
2019-03-15 16:30:50,768 - IIot platform - INFO - Incoming message <======b'\n\x0fget_device_data\x12$\n\x10343438356F37750C\n\x10343438356B37620E'
2019-03-15 16:30:50,769 - IIot platform - INFO - Outgoing message =======>['343438356F37750C', '343438356B37620E']
2019-03-15 16:37:10,991 - IIot platform - INFO - Start back-end server
2019-03-15 16:37:10,992 - IIot platform - INFO - Incoming message <======b'\n\x0fget_device_data\x12$\n\x10343438356F37750C\n\x10343438356B37620E'
2019-03-15 16:37:10,992 - IIot platform - INFO - Outgoing message =======>['343438356F37750C', '343438356B37620E']
2019-03-15 16:40:22,064 - IIot platform - INFO - Start back-end server
2019-03-15 16:40:22,065 - IIot platform - INFO - Incoming message <======b'\n\x0fget_device_data\x12$\n\x10343438356F37750C\n\x10343438356B37620E'
2019-03-15 16:40:22,065 - IIot platform - INFO - Outgoing message =======>['343438356F37750C', '343438356B37620E']
2019-03-15 16:49:32,823 - IIot platform - INFO - Start back-end server
2019-03-15 16:49:32,823 - IIot platform - INFO - Incoming message <======b'\n\x0fget_device_data\x12$\n\x10343438356F37750C\n\x10343438356B37620E'
2019-03-15 16:49:32,824 - IIot platform - INFO - Outgoing message =======>['343438356F37750C', '343438356B37620E']
2019-03-15 16:51:18,134 - IIot platform - INFO - Start back-end server
2019-03-15 16:51:18,134 - IIot platform - INFO - Incoming message <======b'\n\x0fget_device_data\x12$\n\x10343438356F37750C\n\x10343438356B37620E'
2019-03-15 16:51:18,134 - IIot platform - INFO - Outgoing message =======>['343438356F37750C', '343438356B37620E']
2019-03-15 16:52:36,233 - IIot platform - INFO - Start back-end server
2019-03-15 16:52:36,233 - IIot platform - INFO - Incoming message <======b'\n\x0fget_device_data\x12$\n\x10343438356F37750C\n\x10343438356B37620E'
2019-03-15 16:52:36,233 - IIot platform - INFO - Outgoing message =======>['343438356F37750C', '343438356B37620E']
2019-03-15 17:00:24,700 - IIot platform - INFO - Start back-end server
2019-03-15 17:00:24,700 - IIot platform - INFO - Incoming message <======b'\n\x0fget_device_data\x12$\n\x10343438356F37750C\n\x10343438356B37620E'
2019-03-15 17:00:24,700 - IIot platform - INFO - Outgoing message =======>['343438356F37750C', '343438356B37620E']
2019-03-15 17:09:31,814 - IIot platform - INFO - Start back-end server
2019-03-15 17:09:31,816 - IIot platform - INFO - Incoming message <======b'\n\x0fget_device_data\x12$\n\x10343438356F37750C\n\x10343438356B37620E'
2019-03-15 17:09:31,816 - IIot platform - ERROR - get_bind() got an unexpected keyword argument 'list'
2019-03-15 17:09:31,818 - IIot platform - INFO - Outgoing message =======>Bad message format
2019-03-15 17:10:25,998 - IIot platform - INFO - Start back-end server
2019-03-15 17:10:25,999 - IIot platform - INFO - Incoming message <======b'\n\x0fget_device_data\x12$\n\x10343438356F37750C\n\x10343438356B37620E'
2019-03-15 17:10:25,999 - IIot platform - ERROR - get_bind() got an unexpected keyword argument 'list'
2019-03-15 17:10:26,000 - IIot platform - INFO - Outgoing message =======>Bad message format
2019-03-15 17:11:58,626 - IIot platform - INFO - Start back-end server
2019-03-15 17:11:58,627 - IIot platform - INFO - Incoming message <======b'\n\x0fget_device_data\x12$\n\x10343438356F37750C\n\x10343438356B37620E'
2019-03-15 17:11:58,627 - IIot platform - ERROR - get_bind() got an unexpected keyword argument 'list'
2019-03-15 17:11:58,629 - IIot platform - INFO - Outgoing message =======>Bad message format
2019-03-15 17:12:19,319 - IIot platform - INFO - Start back-end server
2019-03-15 17:12:19,320 - IIot platform - INFO - Incoming message <======b'\n\x0fget_device_data\x12$\n\x10343438356F37750C\n\x10343438356B37620E'
2019-03-15 17:12:19,320 - IIot platform - ERROR - get_bind() got an unexpected keyword argument 'list'
2019-03-15 17:12:19,321 - IIot platform - INFO - Outgoing message =======>Bad message format
2019-03-15 17:12:30,235 - IIot platform - INFO - Start back-end server
2019-03-15 17:12:30,235 - IIot platform - INFO - Incoming message <======b'\n\x0fget_device_data\x12$\n\x10343438356F37750C\n\x10343438356B37620E'
2019-03-15 17:12:30,236 - IIot platform - ERROR - get_bind() got an unexpected keyword argument 'lst'
2019-03-15 17:12:30,237 - IIot platform - INFO - Outgoing message =======>Bad message format
2019-03-15 17:13:35,668 - IIot platform - INFO - Start back-end server
2019-03-15 17:13:35,669 - IIot platform - INFO - Incoming message <======b'\n\x0fget_device_data\x12$\n\x10343438356F37750C\n\x10343438356B37620E'
2019-03-15 17:13:35,669 - IIot platform - ERROR - get_bind() got an unexpected keyword argument 'lst'
2019-03-15 17:13:35,671 - IIot platform - INFO - Outgoing message =======>Bad message format
2019-03-15 17:16:13,470 - IIot platform - INFO - Start back-end server
2019-03-15 17:16:13,470 - IIot platform - INFO - Incoming message <======b'\n\x0fget_device_data\x12$\n\x10343438356F37750C\n\x10343438356B37620E'
2019-03-15 17:16:13,471 - IIot platform - ERROR - get_bind() got an unexpected keyword argument 'lst'
2019-03-15 17:16:13,472 - IIot platform - INFO - Outgoing message =======>Bad message format
2019-03-15 17:22:57,717 - IIot platform - INFO - Start back-end server
2019-03-15 17:22:57,719 - IIot platform - INFO - Incoming message <======b'\n\x0fget_device_data\x12$\n\x10343438356F37750C\n\x10343438356B37620E'
2019-03-15 17:22:57,746 - IIot platform - ERROR - 'ResultProxy' object has no attribute 'fatchall'
2019-03-15 17:22:57,747 - IIot platform - INFO - Outgoing message =======>Bad message format
2019-03-15 17:23:29,670 - IIot platform - INFO - Start back-end server
2019-03-15 17:23:29,671 - IIot platform - INFO - Incoming message <======b'\n\x0fget_device_data\x12$\n\x10343438356F37750C\n\x10343438356B37620E'
2019-03-15 17:23:29,701 - IIot platform - ERROR - 'list' object has no attribute 'SerializeToString'
2019-03-15 17:23:29,702 - IIot platform - INFO - Outgoing message =======>Bad message format
2019-03-15 17:25:51,215 - IIot platform - INFO - Start back-end server
2019-03-15 17:25:51,216 - IIot platform - INFO - Incoming message <======b'\n\x0fget_device_data\x12$\n\x10343438356F37750C\n\x10343438356B37620E'
2019-03-15 17:25:51,243 - IIot platform - INFO - Outgoing message =======>b'\n\x0fget_device_data\x1a\x00'
2019-03-18 10:47:20,946 - IIot platform - INFO - Start back-end server
2019-03-18 10:47:20,950 - IIot platform - INFO - Incoming message <======b'\n\x0fget_device_data\x12$\n\x10343438356F37750C\n\x10343438356B37620E'
2019-03-18 10:47:20,975 - IIot platform - INFO - Outgoing message =======>b'\n\x0fget_device_data\x1a\x00'
2019-03-18 10:49:00,145 - IIot platform - INFO - Start back-end server
2019-03-18 10:49:00,146 - IIot platform - INFO - Incoming message <======b'\n\x0fget_device_data\x12$\n\x10343438356F37750C\n\x10343438356B37620E'
2019-03-18 10:49:00,151 - IIot platform - INFO - Outgoing message =======>b'\n\x0fget_device_data\x1a\x00'
2019-03-18 10:49:56,233 - IIot platform - INFO - Start back-end server
2019-03-18 10:49:56,234 - IIot platform - INFO - Incoming message <======b'\n\x0fget_device_data\x12$\n\x10343438356F37750C\n\x10343438356B37620E'
2019-03-18 10:49:56,251 - IIot platform - INFO - Outgoing message =======>b'\n\x0fget_device_data\x1a\x00'
2019-03-18 10:51:47,200 - IIot platform - INFO - Start back-end server
2019-03-18 10:51:47,201 - IIot platform - INFO - Incoming message <======b'\n\x0fget_device_data\x12$\n\x10343438356F37750C\n\x10343438356B37620E'
2019-03-18 10:51:47,225 - IIot platform - INFO - Outgoing message =======>b'\n\x0fget_device_data\x1a\x00'
2019-03-18 10:52:03,761 - IIot platform - INFO - Start back-end server
2019-03-18 10:52:03,762 - IIot platform - INFO - Incoming message <======b'\n\x0fget_device_data\x12$\n\x10343438356F37750C\n\x10343438356B37620E'
2019-03-18 10:52:03,787 - IIot platform - INFO - Outgoing message =======>b'\n\x0fget_device_data\x1a\x00'
2019-03-18 10:52:40,134 - IIot platform - INFO - Start back-end server
2019-03-18 10:52:40,135 - IIot platform - INFO - Incoming message <======b'\n\x0fget_device_data\x12$\n\x10343438356F37750C\n\x10343438356B37620E'
2019-03-18 10:52:40,157 - IIot platform - INFO - Outgoing message =======>b'\n\x0fget_device_data\x1a\x00'
2019-03-18 10:52:53,511 - IIot platform - INFO - Start back-end server
2019-03-18 10:52:53,513 - IIot platform - INFO - Incoming message <======b'\n\x0fget_device_data\x12$\n\x10343438356F37750C\n\x10343438356B37620E'
2019-03-18 10:52:53,527 - IIot platform - INFO - Outgoing message =======>b'\n\x0fget_device_data\x1a\x00'
2019-03-18 10:53:10,451 - IIot platform - INFO - Start back-end server
2019-03-18 10:53:10,453 - IIot platform - INFO - Incoming message <======b'\n\x0fget_device_data\x12$\n\x10343438356F37750C\n\x10343438356B37620E'
2019-03-18 10:53:10,456 - IIot platform - INFO - Outgoing message =======>b'\n\x0fget_device_data\x1a\x00'
2019-03-18 11:00:08,280 - IIot platform - INFO - Start back-end server
2019-03-18 11:00:08,282 - IIot platform - INFO - Incoming message <======b'\n\x0fget_device_data\x12$\n\x10343438356F37750C\n\x10343438356B37620E'
2019-03-18 11:03:22,309 - IIot platform - INFO - Outgoing message =======>b'\n\x0fget_device_data\x1a\x00'
2019-03-18 11:04:55,640 - IIot platform - INFO - Start back-end server
2019-03-18 11:04:55,641 - IIot platform - INFO - Incoming message <======b'\n\x0fget_device_data\x12$\n\x10343438356F37750C\n\x10343438356B37620E'
2019-03-18 11:05:58,829 - IIot platform - INFO - Outgoing message =======>b'\n\x0fget_device_data\x1a\x00'
2019-03-18 11:08:51,002 - IIot platform - INFO - Start back-end server
2019-03-18 11:08:51,002 - IIot platform - INFO - Incoming message <======b'\n\x0fget_device_data\x12$\n\x10343438356F37750C\n\x10343438356B37620E'
2019-03-18 11:08:51,027 - IIot platform - INFO - Outgoing message =======>b'\n\x0fget_device_data\x1a\x00'
2019-03-18 11:09:22,804 - IIot platform - INFO - Start back-end server
2019-03-18 11:09:22,805 - IIot platform - INFO - Incoming message <======b'\n\x0fget_device_data\x12$\n\x10343438356F37750C\n\x10343438356B37620E'
2019-03-18 11:09:22,823 - IIot platform - INFO - Outgoing message =======>b'\n\x0fget_device_data\x1a\x00'
2019-03-18 11:10:06,613 - IIot platform - INFO - Start back-end server
2019-03-18 11:10:06,616 - IIot platform - INFO - Incoming message <======b'\n\x0fget_device_data\x12$\n\x10343438356F37750C\n\x10343438356B37620E'
2019-03-18 11:12:38,352 - IIot platform - INFO - Outgoing message =======>b'\n\x0fget_device_data\x1a\x00'
2019-03-18 11:19:19,694 - IIot platform - INFO - Start back-end server
2019-03-18 11:19:19,696 - IIot platform - INFO - Incoming message <======b'\n\x0fget_device_data\x12$\n\x10343438356F37750C\n\x10343438356B37620E'
2019-03-18 11:20:46,705 - IIot platform - INFO - Outgoing message =======>b'\n\x0fget_device_data\x1a\x00'
2019-03-18 11:25:21,744 - IIot platform - INFO - Start back-end server
2019-03-18 11:25:21,746 - IIot platform - INFO - Incoming message <======b'\n\x0fget_device_data\x12$\n\x10343438356F37750C\n\x10343438356B37620E'
2019-03-18 11:25:29,647 - IIot platform - INFO - Outgoing message =======>b'\n\x0fget_device_data\x1a\x00'
2019-03-18 11:30:19,982 - IIot platform - INFO - Start back-end server
2019-03-18 11:30:19,983 - IIot platform - INFO - Incoming message <======b'\n\x0fget_device_data\x12$\n\x10343438356F37750C\n\x10343438356B37620E'
2019-03-18 11:30:40,129 - IIot platform - ERROR - get_bind() got an unexpected keyword argument 'lst'
2019-03-18 11:30:40,134 - IIot platform - INFO - Outgoing message =======>Bad message format
2019-03-18 11:31:01,805 - IIot platform - INFO - Start back-end server
2019-03-18 11:31:01,807 - IIot platform - INFO - Incoming message <======b'\n\x0fget_device_data\x12$\n\x10343438356F37750C\n\x10343438356B37620E'
2019-03-18 11:31:52,140 - IIot platform - ERROR - get_bind() got an unexpected keyword argument 'lst'
2019-03-18 11:31:57,775 - IIot platform - INFO - Outgoing message =======>Bad message format
2019-03-18 11:39:32,904 - IIot platform - INFO - Start back-end server
2019-03-18 11:39:32,907 - IIot platform - INFO - Incoming message <======b'\n\x0fget_device_data\x12$\n\x10343438356F37750C\n\x10343438356B37620E'
2019-03-18 11:39:44,259 - IIot platform - INFO - Outgoing message =======>b'\n\x0fget_device_data\x1a\x00'
2019-03-18 12:06:43,626 - IIot platform - INFO - Start back-end server
2019-03-18 12:06:43,627 - IIot platform - INFO - Incoming message <======b'\n\x0fget_device_data\x12$\n\x10343438356F37750C\n\x10343438356B37620E'
2019-03-18 12:06:43,663 - IIot platform - INFO - Outgoing message =======>b'\n\x0fget_device_data\x1a\x00'
2019-03-18 12:08:45,404 - IIot platform - INFO - Start back-end server
2019-03-18 12:08:45,405 - IIot platform - INFO - Incoming message <======b'\n\x0fget_device_data\x12$\n\x10343438356F37750C\n\x10343438356B37620E'
2019-03-18 12:08:45,437 - IIot platform - INFO - Outgoing message =======>b'\n\x0fget_device_data\x1a:\n\x1b\n\x10343438356F37750C\x19ffffff7@\n\x1b\n\x10343438356B37620E\x19ffffff7@'
2019-03-18 14:17:36,867 - IIot platform - INFO - Start back-end server
2019-03-18 14:31:53,346 - IIot platform - INFO - Start back-end server
2019-03-18 14:33:42,022 - IIot platform - INFO - Start back-end server
2019-03-18 14:33:42,023 - IIot platform - INFO - Incoming message <======b'\n\x17get_device_data_history\x1a-\n\x10343438356F37750C\n\x10343438356B37620E\x12\x07\x08\xa0\x97\xd9\x88\xf3,'
2019-03-18 14:33:42,023 - IIot platform - INFO - Outgoing message =======>Bad function name
2019-03-18 14:34:09,859 - IIot platform - INFO - Start back-end server
2019-03-18 14:34:09,860 - IIot platform - INFO - Incoming message <======b'\n\x17get_device_data_history\x1a-\n\x10343438356F37750C\n\x10343438356B37620E\x12\x07\x08\xa0\x97\xd9\x88\xf3,'
2019-03-18 14:34:09,860 - IIot platform - INFO - Outgoing message =======>Bad function name
2019-03-18 14:34:33,174 - IIot platform - INFO - Start back-end server
2019-03-18 14:34:33,175 - IIot platform - INFO - Incoming message <======b'\n\x12get_device_history\x1a-\n\x10343438356F37750C\n\x10343438356B37620E\x12\x07\x08\xa0\x97\xd9\x88\xf3,'
2019-03-18 14:34:33,175 - IIot platform - ERROR - getDeviceDataHistory() missing 2 required positional arguments: 'dev_lst' and 'ts'
2019-03-18 14:34:33,176 - IIot platform - INFO - Outgoing message =======>For more details open error.log in working directory
2019-03-18 14:35:18,617 - IIot platform - INFO - Start back-end server
2019-03-18 14:35:18,617 - IIot platform - INFO - Incoming message <======b'\n\x12get_device_history\x1a-\n\x10343438356F37750C\n\x10343438356B37620E\x12\x07\x08\xa0\x97\xd9\x88\xf3,'
2019-03-18 14:35:18,617 - IIot platform - ERROR - replace() argument 2 must be str, not google.protobuf.pyext._message.RepeatedScalarConta
2019-03-18 14:35:18,618 - IIot platform - INFO - Outgoing message =======>For more details open error.log in working directory
2019-03-18 14:36:23,269 - IIot platform - INFO - Start back-end server
2019-03-18 14:36:23,270 - IIot platform - INFO - Incoming message <======b'\n\x12get_device_history\x1a-\n\x10343438356F37750C\n\x10343438356B37620E\x12\x07\x08\xa0\x97\xd9\x88\xf3,'
2019-03-18 14:36:23,270 - IIot platform - ERROR - replace() argument 2 must be str, not Timestamp
2019-03-18 14:36:23,270 - IIot platform - INFO - Outgoing message =======>For more details open error.log in working directory
2019-03-18 14:36:58,384 - IIot platform - INFO - Start back-end server
2019-03-18 14:36:58,385 - IIot platform - INFO - Incoming message <======b'\n\x12get_device_history\x1a-\n\x10343438356F37750C\n\x10343438356B37620E\x12\x07\x08\xa0\x97\xd9\x88\xf3,'
2019-03-18 14:36:58,385 - IIot platform - ERROR - replace() argument 2 must be str, not int
2019-03-18 14:36:58,385 - IIot platform - INFO - Outgoing message =======>For more details open error.log in working directory
2019-03-18 14:37:30,582 - IIot platform - INFO - Start back-end server
2019-03-18 14:37:30,582 - IIot platform - INFO - Incoming message <======b'\n\x12get_device_history\x1a-\n\x10343438356F37750C\n\x10343438356B37620E\x12\x07\x08\xa0\x97\xd9\x88\xf3,'
2019-03-18 14:37:30,609 - IIot platform - INFO - Outgoing message =======>
2019-03-18 14:37:44,654 - IIot platform - INFO - Start back-end server
2019-03-18 14:37:44,655 - IIot platform - INFO - Incoming message <======b'\n\x12get_device_history\x1a-\n\x10343438356F37750C\n\x10343438356B37620E\x12\x07\x08\xa0\x97\xd9\x88\xf3,'
2019-03-18 14:37:44,684 - IIot platform - INFO - Outgoing message =======>
2019-03-18 14:38:32,703 - IIot platform - INFO - Start back-end server
2019-03-18 14:38:32,704 - IIot platform - INFO - Incoming message <======b'\n\x12get_device_history\x1a-\n\x10343438356F37750C\n\x10343438356B37620E\x12\x07\x08\xa0\x97\xd9\x88\xf3,'
2019-03-18 14:38:32,717 - IIot platform - INFO - Outgoing message =======>
2019-03-18 14:39:16,375 - IIot platform - INFO - Start back-end server
2019-03-18 14:39:16,375 - IIot platform - INFO - Incoming message <======b'\n\x12get_device_history\x1a-\n\x10343438356F37750C\n\x10343438356B37620E\x12\x07\x08\xa0\x97\xd9\x88\xf3,'
2019-03-18 14:39:16,404 - IIot platform - INFO - Outgoing message =======>
2019-03-18 14:39:42,019 - IIot platform - INFO - Start back-end server
2019-03-18 14:39:42,019 - IIot platform - INFO - Incoming message <======b'\n\x12get_device_history\x1a-\n\x10343438356F37750C\n\x10343438356B37620E\x12\x07\x08\xa0\x97\xd9\x88\xf3,'
2019-03-18 14:39:42,047 - IIot platform - INFO - Outgoing message =======>
2019-03-18 14:45:36,665 - IIot platform - INFO - Start back-end server
2019-03-18 14:45:36,666 - IIot platform - INFO - Incoming message <======b'\n\x12get_device_history\x1a-\n\x10343438356F37750C\n\x10343438356B37620E\x12\x07\x08\xa0\x97\xd9\x88\xf3,'
2019-03-18 14:45:36,694 - IIot platform - INFO - Outgoing message =======>
2019-03-18 14:55:58,926 - IIot platform - INFO - Start back-end server
2019-03-18 14:55:58,927 - IIot platform - INFO - Incoming message <======b'\n\x12get_device_history\x1a-\n\x10343438356F37750C\n\x10343438356B37620E\x12\x07\x08\xa0\x97\xd9\x88\xf3,'
2019-03-18 14:55:58,957 - IIot platform - INFO - Outgoing message =======>
2019-03-18 14:57:29,935 - IIot platform - INFO - Start back-end server
2019-03-18 14:57:29,935 - IIot platform - INFO - Incoming message <======b'\n\x12get_device_history\x1a-\n\x10343438356F37750C\n\x10343438356B37620E\x12\x07\x08\xa0\x97\xd9\x88\xf3,'
2019-03-18 14:57:29,967 - IIot platform - INFO - Outgoing message =======>
2019-03-18 14:58:07,888 - IIot platform - INFO - Start back-end server
2019-03-18 14:58:07,889 - IIot platform - INFO - Incoming message <======b'\n\x12get_device_history\x1a-\n\x10343438356F37750C\n\x10343438356B37620E\x12\x07\x08\xa0\x97\xd9\x88\xf3,'
2019-03-18 14:58:07,906 - IIot platform - INFO - Outgoing message =======>
2019-03-18 16:39:13,457 - IIot platform - INFO - Start back-end server
2019-03-18 16:39:13,458 - IIot platform - INFO - Incoming message <======b'\n\x12get_device_history\x1a-\n\x10343438356F37750C\n\x10343438356B37620E\x12\x07\x08\xa0\x97\xd9\x88\xf3,'
2019-03-18 16:39:13,482 - IIot platform - INFO - Outgoing message =======>
2019-03-18 16:41:32,169 - IIot platform - INFO - Start back-end server
2019-03-18 16:41:32,169 - IIot platform - INFO - Incoming message <======b'\n\x12get_device_history\x1a-\n\x10343438356F37750C\n\x10343438356B37620E\x12\x07\x08\xa0\x97\xd9\x88\xf3,'
2019-03-18 16:41:32,192 - IIot platform - INFO - Outgoing message =======>
2019-03-18 16:49:03,936 - IIot platform - INFO - Start back-end server
2019-03-18 16:49:03,936 - IIot platform - INFO - Incoming message <======b'\n\x12get_device_history\x1a-\n\x10343438356F37750C\n\x10343438356B37620E\x12\x07\x08\xa0\x97\xd9\x88\xf3,'
2019-03-18 16:49:03,967 - IIot platform - ERROR - Assignment not allowed to field "ts" in protocol message object.
2019-03-18 16:49:03,968 - IIot platform - INFO - Outgoing message =======>For more details open error.log in working directory
2019-03-18 16:50:47,101 - IIot platform - INFO - Start back-end server
2019-03-18 16:50:47,102 - IIot platform - INFO - Incoming message <======b'\n\x12get_device_history\x1a-\n\x10343438356F37750C\n\x10343438356B37620E\x12\x07\x08\xa0\x97\xd9\x88\xf3,'
2019-03-18 16:50:47,132 - IIot platform - ERROR - datetime.datetime(2019, 3, 15, 10, 10, 39, 848637) has type datetime.datetime, but expected one of: int, long
2019-03-18 16:50:47,133 - IIot platform - INFO - Outgoing message =======>For more details open error.log in working directory
2019-03-18 16:54:48,794 - IIot platform - INFO - Start back-end server
2019-03-18 16:54:48,794 - IIot platform - INFO - Incoming message <======b'\n\x12get_device_history\x1a-\n\x10343438356F37750C\n\x10343438356B37620E\x12\x07\x08\xa0\x97\xd9\x88\xf3,'
2019-03-18 16:54:48,825 - IIot platform - ERROR - 1552633839.0 has type float, but expected one of: int, long
2019-03-18 16:54:48,825 - IIot platform - INFO - Outgoing message =======>For more details open error.log in working directory
2019-03-18 16:55:09,818 - IIot platform - INFO - Start back-end server
2019-03-18 16:55:09,818 - IIot platform - INFO - Incoming message <======b'\n\x12get_device_history\x1a-\n\x10343438356F37750C\n\x10343438356B37620E\x12\x07\x08\xa0\x97\xd9\x88\xf3,'
2019-03-18 16:55:09,848 - IIot platform - ERROR - Assignment not allowed to field "ts" in protocol message object.
2019-03-18 16:55:09,849 - IIot platform - INFO - Outgoing message =======>For more details open error.log in working directory
2019-03-18 17:02:14,114 - IIot platform - INFO - Start back-end server
2019-03-18 17:02:14,115 - IIot platform - INFO - Incoming message <======b'\n\x12get_device_history\x1a-\n\x10343438356F37750C\n\x10343438356B37620E\x12\x07\x08\xa0\x97\xd9\x88\xf3,'
2019-03-18 17:02:14,140 - IIot platform - ERROR - '26' has type str, but expected one of: int, long, float
2019-03-18 17:02:14,141 - IIot platform - INFO - Outgoing message =======>For more details open error.log in working directory
2019-03-18 17:02:52,085 - IIot platform - INFO - Start back-end server
2019-03-18 17:02:52,086 - IIot platform - INFO - Incoming message <======b'\n\x12get_device_history\x1a-\n\x10343438356F37750C\n\x10343438356B37620E\x12\x07\x08\xa0\x97\xd9\x88\xf3,'
2019-03-18 17:02:52,114 - IIot platform - ERROR - No positional arguments allowed
2019-03-18 17:02:52,115 - IIot platform - INFO - Outgoing message =======>For more details open error.log in working directory
2019-03-18 17:17:47,704 - IIot platform - INFO - Start back-end server
2019-03-18 17:17:47,705 - IIot platform - INFO - Incoming message <======b'\n\x12get_device_history\x1a-\n\x10343438356F37750C\n\x10343438356B37620E\x12\x07\x08\xa0\x97\xd9\x88\xf3,'
2019-03-18 17:17:47,737 - IIot platform - ERROR - 'google.protobuf.pyext._message.RepeatedCompositeCo' object has no attribute 'append'
2019-03-18 17:17:47,739 - IIot platform - INFO - Outgoing message =======>For more details open error.log in working directory
2019-03-18 17:29:36,279 - IIot platform - INFO - Start back-end server
2019-03-18 17:29:36,279 - IIot platform - INFO - Incoming message <======b'\n\x12get_device_history\x1a-\n\x10343438356F37750C\n\x10343438356B37620E\x12\x07\x08\xa0\x97\xd9\x88\xf3,'
2019-03-18 17:29:36,310 - IIot platform - INFO - Outgoing message =======>
2019-03-18 17:30:51,501 - IIot platform - INFO - Start back-end server
2019-03-18 17:30:51,501 - IIot platform - INFO - Incoming message <======b'\n\x12get_device_history\x1a-\n\x10343438356F37750C\n\x10343438356B37620E\x12\x07\x08\xa0\x97\xd9\x88\xf3,'
2019-03-18 17:30:51,521 - IIot platform - INFO - Outgoing message =======>b'\n\x12get_device_history"\x87\x01\n8\n\x10343438356F37750C2\x11\n\x06\x08\xef\x9f\xad\xe4\x05\x11\x00\x00\x00\x00\x00\x00:@2\x11\n\x06\x08\xb4\xa0\xad\xe4\x05\x11\x00\x00\x00\x00\x00\x00\x00@\nK\n\x10343438356B37620E2\x11\n\x06\x08\x93\xa1\xad\xe4\x05\x11\x00\x00\x00\x00\x00\x80F@2\x11\n\x06\x08\x93\xa1\xad\xe4\x05\x11\x00\x00\x00\x00\x00@P@2\x11\n\x06\x08\xdc\xa4\xad\xe4\x05\x11\x00\x00\x00\x00\x00\xc0R@'
2019-03-20 10:38:13,409 - IIot platform - INFO - Start back-end server
2019-03-20 10:38:13,410 - IIot platform - INFO - Incoming message <======b'\n\x12get_device_history\x1a-\n\x10343438356F37750C\n\x10343438356B37620E\x12\x07\x08\xa0\x97\xd9\x88\xf3,'
2019-03-20 10:38:13,411 - IIot platform - ERROR - 'EnumTypeWrapper' object has no attribute 'DEVICE_LIST_REQUEST'
2019-03-20 10:38:13,412 - IIot platform - INFO - Outgoing message =======>For more details open error.log in working directory
2019-03-20 10:40:09,019 - IIot platform - INFO - Start back-end server
2019-03-20 10:40:09,019 - IIot platform - INFO - Incoming message <======b'\n\x12get_device_history\x1a-\n\x10343438356F37750C\n\x10343438356B37620E\x12\x07\x08\xa0\x97\xd9\x88\xf3,'
2019-03-20 10:40:09,019 - IIot platform - ERROR - 'EnumTypeWrapper' object has no attribute 'DEVICE_LIST_REQUEST'
2019-03-20 10:40:09,020 - IIot platform - INFO - Outgoing message =======>For more details open error.log in working directory
2019-03-20 10:52:01,838 - IIot platform - INFO - Start back-end server
2019-03-20 10:52:01,838 - IIot platform - INFO - Incoming message <======b'\n\x1bDEVICE_DATA_HISTORY_REQUEST\x1a-\n\x10343438356F37750C\n\x10343438356B37620E\x12\x07\x08\xa0\x97\xd9\x88\xf3,'
2019-03-20 10:52:01,963 - IIot platform - ERROR - 'EnumTypeWrapper' object has no attribute 'DEVICE_DATA_HISTORY_RESPONSE'
2019-03-20 10:52:01,964 - IIot platform - INFO - Outgoing message =======>For more details open error.log in working directory
2019-03-20 10:52:50,862 - IIot platform - INFO - Start back-end server
2019-03-20 10:52:50,863 - IIot platform - INFO - Incoming message <======b'\n\x1bDEVICE_DATA_HISTORY_REQUEST\x1a-\n\x10343438356F37750C\n\x10343438356B37620E\x12\x07\x08\xa0\x97\xd9\x88\xf3,'
2019-03-20 10:52:50,967 - IIot platform - INFO - Outgoing message =======>b'\n\x1cDEVICE_DATA_HISTORY_RESPONSE"\x87\x01\n8\n\x10343438356F37750C2\x11\n\x06\x08\xef\x9f\xad\xe4\x05\x11\x00\x00\x00\x00\x00\x00:@2\x11\n\x06\x08\xb4\xa0\xad\xe4\x05\x11\x00\x00\x00\x00\x00\x00\x00@\nK\n\x10343438356B37620E2\x11\n\x06\x08\x93\xa1\xad\xe4\x05\x11\x00\x00\x00\x00\x00\x80F@2\x11\n\x06\x08\x93\xa1\xad\xe4\x05\x11\x00\x00\x00\x00\x00@P@2\x11\n\x06\x08\xdc\xa4\xad\xe4\x05\x11\x00\x00\x00\x00\x00\xc0R@'
2019-03-27 15:50:59,681 - IIot platform - INFO - Start back-end server
2019-03-27 15:50:59,682 - IIot platform - INFO - Incoming message <======b'\n\x1bDEVICE_DATA_HISTORY_REQUEST\x1a-\n\x10343438356F37750C\n\x10343438356B37620E\x12\x07\x08\xa0\x97\xd9\x88\xf3,'
2019-03-27 15:50:59,863 - IIot platform - INFO - Outgoing message =======>b'\n\x1cDEVICE_DATA_HISTORY_RESPONSE"\x87\x01\n8\n\x10343438356F37750C2\x11\n\x06\x08\xef\x9f\xad\xe4\x05\x11\x00\x00\x00\x00\x00\x00:@2\x11\n\x06\x08\xb4\xa0\xad\xe4\x05\x11\x00\x00\x00\x00\x00\x00\x00@\nK\n\x10343438356B37620E2\x11\n\x06\x08\x93\xa1\xad\xe4\x05\x11\x00\x00\x00\x00\x00\x80F@2\x11\n\x06\x08\x93\xa1\xad\xe4\x05\x11\x00\x00\x00\x00\x00@P@2\x11\n\x06\x08\xdc\xa4\xad\xe4\x05\x11\x00\x00\x00\x00\x00\xc0R@'
2019-03-27 16:23:54,491 - IIot platform - INFO - Start back-end server
2019-03-27 16:23:54,492 - IIot platform - INFO - Incoming message <======b'\n\x1bDEVICE_DATA_HISTORY_REQUEST\x1a-\n\x10343438356F37750C\n\x10343438356B37620E\x12\x07\x08\xa0\x97\xd9\x88\xf3,'
2019-03-27 16:23:54,507 - IIot platform - INFO - Outgoing message =======>b'\n\x1cDEVICE_DATA_HISTORY_RESPONSE"\x87\x01\n8\n\x10343438356F37750C2\x11\n\x06\x08\xef\x9f\xad\xe4\x05\x11\x00\x00\x00\x00\x00\x00:@2\x11\n\x06\x08\xb4\xa0\xad\xe4\x05\x11\x00\x00\x00\x00\x00\x00\x00@\nK\n\x10343438356B37620E2\x11\n\x06\x08\x93\xa1\xad\xe4\x05\x11\x00\x00\x00\x00\x00\x80F@2\x11\n\x06\x08\x93\xa1\xad\xe4\x05\x11\x00\x00\x00\x00\x00@P@2\x11\n\x06\x08\xdc\xa4\xad\xe4\x05\x11\x00\x00\x00\x00\x00\xc0R@'
2019-04-15 16:50:13,905 - IIot platform - INFO - Start back-end server
2019-04-15 16:50:13,906 - IIot platform - INFO - Incoming message <======b'\n\x15CREATE_DEVICE_REQUEST"f\n\x10363833355C38770F\x12\x05TD_11\x1a\x05TD-11"\x07Celsius2\x06ZabSib: 1C38770F000000001C38770F3A480D4BB\x08SiburLabJ\x07868_ABP'
2019-04-15 16:50:34,267 - IIot platform - ERROR - <_Rendezvous of RPC that terminated with:
	status = StatusCode.UNAVAILABLE
	details = "Connect Failed"
	debug_error_string = "{"created":"@1555336234.265345000","description":"Failed to create subchannel","file":"src/core/ext/filters/client_channel/client_channel.cc","file_line":2706,"referenced_errors":[{"created":"@1555336234.265332000","description":"Pick Cancelled","file":"src/core/ext/filters/client_channel/lb_policy/pick_first/pick_first.cc","file_line":242,"referenced_errors":[{"created":"@1555336234.265139000","description":"Connect Failed","file":"src/core/ext/filters/client_channel/subchannel.cc","file_line":867,"grpc_status":14,"referenced_errors":[{"created":"@1555336234.265097000","description":"Failed to connect to remote host: FD shutdown","file":"src/core/lib/iomgr/ev_poll_posix.cc","file_line":532,"grpc_status":14,"os_error":"Timeout occurred","referenced_errors":[{"created":"@1555336234.265053000","description":"connect() timed out","file":"src/core/lib/iomgr/tcp_client_posix.cc","file_line":119}],"target_address":"ipv4:192.168.10.28:8080"}]}]}]}"
>
2019-04-15 16:50:34,272 - IIot platform - INFO - Outgoing message =======>For more details open error.log in working directory
2019-04-15 16:53:22,148 - IIot platform - INFO - Start back-end server
2019-04-15 16:53:22,148 - IIot platform - INFO - Incoming message <======b'\n\x15CREATE_DEVICE_REQUEST"f\n\x10363833355C38770F\x12\x05TD_11\x1a\x05TD-11"\x07Celsius2\x06ZabSib: 1C38770F000000001C38770F3A480D4BB\x08SiburLabJ\x07868_ABP'
2019-04-15 16:53:22,178 - IIot platform - ERROR - '8' has type str, but expected one of: int, long
2019-04-15 16:53:22,179 - IIot platform - INFO - Outgoing message =======>For more details open error.log in working directory
2019-04-15 16:54:07,319 - IIot platform - INFO - Start back-end server
2019-04-15 16:54:07,320 - IIot platform - INFO - Incoming message <======b'\n\x15CREATE_DEVICE_REQUEST"f\n\x10363833355C38770F\x12\x05TD_11\x1a\x05TD-11"\x07Celsius2\x06ZabSib: 1C38770F000000001C38770F3A480D4BB\x08SiburLabJ\x07868_ABP'
2019-04-15 16:54:07,368 - IIot platform - INFO - Outgoing message =======>Device created
2019-04-19 17:20:33,491 - IIot platform - INFO - Start back-end server
2019-04-19 17:20:33,493 - IIot platform - INFO - Incoming message <======b'\n\x0cAPPS_REQUEST"f\n\x10363833355C38770F\x12\x05TD_11\x1a\x05TD-11"\x07Celsius2\x06ZabSib: 1C38770F000000001C38770F3A480D4BB\x08SiburLabJ\x07868_ABP'
2019-04-19 17:20:33,574 - IIot platform - INFO - Outgoing message =======>b'\n\rAPPS_RESPONSE2\x0c\n\n\n\x05Sibur\x12\x011'
2019-04-19 17:22:28,562 - IIot platform - INFO - Start back-end server
2019-04-19 17:22:28,562 - IIot platform - INFO - Incoming message <======b'\n\x15CREATE_DEVICE_REQUEST"f\n\x10363833355C38770F\x12\x05TD_11\x1a\x05TD-11"\x07Celsius2\x06ZabSib: 1C38770F000000001C38770F3A480D4BB\x08SiburLabJ\x07868_ABP'
2019-04-19 17:22:28,610 - IIot platform - ERROR - 'SiburLab'
2019-04-19 17:22:28,615 - IIot platform - INFO - Outgoing message =======>For more details open error.log in working directory
2019-04-19 17:28:23,837 - IIot platform - INFO - Start back-end server
2019-04-19 17:28:23,837 - IIot platform - INFO - Incoming message <======b'\n\x15CREATE_DEVICE_REQUEST"f\n\x10363833355C38770F\x12\x05TD_11\x1a\x05TD-11"\x07Celsius2\x06ZabSib: 1C38770F000000001C38770F3A480D4BB\x08SiburLabJ\x07868_ABP'
2019-04-19 17:28:23,894 - IIot platform - ERROR - 'SiburLab'
2019-04-19 17:28:23,895 - IIot platform - INFO - Outgoing message =======>For more details open error.log in working directory
2019-04-19 17:29:22,660 - IIot platform - INFO - Start back-end server
2019-04-19 17:29:22,661 - IIot platform - INFO - Incoming message <======b'\n\x15CREATE_DEVICE_REQUEST"f\n\x10363833355C38770F\x12\x05TD_11\x1a\x05TD-11"\x07Celsius2\x06ZabSib: 1C38770F000000001C38770F3A480D4BB\x08SiburLabJ\x07868_ABP'
2019-04-19 17:29:22,713 - IIot platform - ERROR - 'SiburLab'
2019-04-19 17:29:22,714 - IIot platform - INFO - Outgoing message =======>For more details open error.log in working directory
2019-04-19 17:31:24,999 - IIot platform - INFO - Start back-end server
2019-04-19 17:31:25,000 - IIot platform - INFO - Incoming message <======b'\n\x15CREATE_DEVICE_REQUEST"i\n\x10363833355C38770F\x12\x05TD_11\x1a\x05TD-11"\x07Celsius2\x06ZabSib: 1C38770F000000001C38770F3A480D4BB\x05SiburJ\rSibur profile'
2019-04-19 17:31:25,103 - IIot platform - INFO - Outgoing message =======>Device created
2019-04-22 11:10:38,604 - IIot platform - INFO - Start back-end server
2019-04-22 11:10:38,605 - IIot platform - INFO - Incoming message <======b'\n\x15CREATE_DEVICE_REQUEST"i\n\x10363833357B386B10\x12\x05TD_11\x1a\x05TD-11"\x07Celsius2\x06ZabSib: 7B386310000000007B3863101D481155B\x05SiburJ\rSibur profile'
2019-04-22 11:10:38,723 - IIot platform - INFO - Outgoing message =======>Device created
2019-04-22 17:43:12,750 - IIot platform - INFO - Start back-end server
2019-04-22 17:43:12,751 - IIot platform - INFO - Incoming message <======b'\n\x15CREATE_DEVICE_REQUEST"i\n\x10363833357B386B10\x12\x05TD_11\x1a\x05TD-11"\x07Celsius2\x06ZabSib: 7B386310000000007B3863101D481155B\x05SiburJ\rSibur profile'
2019-04-22 17:43:12,822 - IIot platform - ERROR - <_Rendezvous of RPC that terminated with:
	status = StatusCode.UNAUTHENTICATED
	details = "authentication failed: jwt parse error: illegal base64 data at input byte 1"
	debug_error_string = "{"created":"@1555944192.822591000","description":"Error received from peer","file":"src/core/lib/surface/call.cc","file_line":1036,"grpc_message":"authentication failed: jwt parse error: illegal base64 data at input byte 1","grpc_status":16}"
>
2019-04-22 17:43:12,826 - IIot platform - INFO - Outgoing message =======>For more details open error.log in working directory
2019-04-22 17:44:54,226 - IIot platform - INFO - Start back-end server
2019-04-22 17:44:54,227 - IIot platform - INFO - Incoming message <======b'\n\x15CREATE_DEVICE_REQUEST"i\n\x10363833357B386B10\x12\x05TD_11\x1a\x05TD-11"\x07Celsius2\x06ZabSib: 7B386310000000007B3863101D481155B\x05SiburJ\rSibur profile'
2019-04-22 17:44:54,271 - IIot platform - ERROR - <_Rendezvous of RPC that terminated with:
	status = StatusCode.UNAUTHENTICATED
	details = "authentication failed: jwt parse error: illegal base64 data at input byte 1"
	debug_error_string = "{"created":"@1555944294.271518000","description":"Error received from peer","file":"src/core/lib/surface/call.cc","file_line":1036,"grpc_message":"authentication failed: jwt parse error: illegal base64 data at input byte 1","grpc_status":16}"
>
2019-04-22 17:44:54,273 - IIot platform - INFO - Outgoing message =======>For more details open error.log in working directory
2019-04-22 17:45:18,171 - IIot platform - INFO - Start back-end server
2019-04-22 17:45:18,172 - IIot platform - INFO - Incoming message <======b'\n\x15CREATE_DEVICE_REQUEST"i\n\x10363833357B386B10\x12\x05TD_11\x1a\x05TD-11"\x07Celsius2\x06ZabSib: 7B386310000000007B3863101D481155B\x05SiburJ\rSibur profile'
2019-04-22 17:45:18,285 - IIot platform - INFO - Outgoing message =======>Device created
2019-04-22 20:59:00,779 - IIot platform - INFO - Start back-end server
2019-04-22 20:59:00,780 - IIot platform - INFO - Incoming message <======b'\n\x15CREATE_DEVICE_REQUEST"i\n\x10363833357B386B10\x12\x05TD_11\x1a\x05TD-11"\x07Celsius2\x06ZabSib: 7B386310000000007B3863101D481155B\x05SiburJ\rSibur profile'
2019-04-22 20:59:00,958 - IIot platform - INFO - Outgoing message =======>Device created
